 INFO [2025-02-13 18:19:14,153] (%D:19) - Search results validated
 INFO [2025-02-13 18:19:14,602] (%D:19) - No messages found. element is visible
 INFO [2025-02-13 18:19:22,447] (%D:19) - No messages found. element is visible
 INFO [2025-02-13 18:19:55,725] (%D:19) - Search results validated
 INFO [2025-02-13 18:19:56,181] (%D:19) - No messages found. element is visible
 INFO [2025-02-13 18:20:02,972] (%D:19) - No messages found. element is visible
 INFO [2025-02-13 18:20:06,228] (%D:19) - Recipient search results validated
 INFO [2025-02-13 18:20:11,897] (%D:19) - No messages found. element is visible
 INFO [2025-02-13 18:20:15,143] (%D:19) - Transaction search results validated
 INFO [2025-02-13 18:20:22,316] (%D:19) - No messages found. element is visible
 INFO [2025-02-13 18:20:25,620] (%D:19) - Channel search results validated
 INFO [2025-02-13 18:20:25,870] (%D:19) - Message details are validated
 INFO [2025-02-13 18:20:46,613] (%D:19) - Search results validated
 INFO [2025-02-13 18:20:47,057] (%D:19) - No messages found. element is visible
 INFO [2025-02-13 18:20:52,959] (%D:19) - No messages found. element is visible
 INFO [2025-02-13 18:20:56,231] (%D:19) - Recipient search results validated
 INFO [2025-02-13 18:21:04,021] (%D:19) - No messages found. element is visible
 INFO [2025-02-13 18:21:07,355] (%D:19) - Transaction search results validated
 INFO [2025-02-13 18:21:15,211] (%D:19) - No messages found. element is visible
 INFO [2025-02-13 18:21:18,507] (%D:19) - Channel search results validated
 INFO [2025-02-13 18:21:18,741] (%D:19) - Message details are validated
 INFO [2025-02-13 18:22:29,428] (%D:19) - Search results validated
 INFO [2025-02-13 18:22:29,858] (%D:19) - No messages found. element is visible
 INFO [2025-02-13 18:22:35,940] (%D:19) - No messages found. element is visible
 INFO [2025-02-13 18:25:09,651] (%D:19) - Search results validated
 INFO [2025-02-13 18:25:10,066] (%D:19) - No messages found. element is visible
 INFO [2025-02-13 18:25:17,660] (%D:19) - No messages found. element is visible
 INFO [2025-02-13 18:25:20,978] (%D:19) - Recipient search results validated
 INFO [2025-02-13 18:25:43,829] (%D:19) - No messages found. element is visible
 INFO [2025-02-13 18:26:08,509] (%D:19) - Search results validated
 INFO [2025-02-13 18:26:08,940] (%D:19) - No messages found. element is visible
 INFO [2025-02-13 18:26:16,748] (%D:19) - No messages found. element is visible
 INFO [2025-02-13 18:26:20,090] (%D:19) - Recipient search results validated
 INFO [2025-02-13 18:26:26,354] (%D:19) - No messages found. element is visible
 INFO [2025-02-13 18:27:31,600] (%D:19) - Search results validated
 INFO [2025-02-13 18:27:32,081] (%D:19) - No messages found. element is visible
 INFO [2025-02-13 18:27:38,137] (%D:19) - No messages found. element is visible
 INFO [2025-02-13 18:28:31,985] (%D:19) - Search results validated
 INFO [2025-02-13 18:28:32,342] (%D:19) - No messages found. element is visible
 INFO [2025-02-13 18:28:38,594] (%D:19) - No messages found. element is visible
 INFO [2025-02-13 18:28:41,851] (%D:19) - Recipient search results validated
 INFO [2025-02-13 18:28:47,715] (%D:19) - No messages found. element is visible
 INFO [2025-02-13 18:28:50,959] (%D:19) - Transaction search results validated
 INFO [2025-02-13 18:28:57,101] (%D:19) - No messages found. element is visible
 INFO [2025-02-13 18:29:00,368] (%D:19) - Channel search results validated
 INFO [2025-02-13 18:29:00,583] (%D:19) - Message details are validated
